Using pre-set license
Built from '2020.3/staging' branch; Version is '2020.3.0f1 (c7b5465681fb) revision 13088070'; Using compiler version '192528614'; Build Type 'Release'
OS: 'Windows 10 Home; OS build 19042.928; Version 2009; 64bit' Language: 'en' Physical Memory: 16333 MB
BatchMode: 1, IsHumanControllingUs: 0, StartBugReporterOnCrash: 0, Is64bit: 1, IsPro: 0

 COMMAND LINE ARGUMENTS:
C:\Program Files\Unity\Hub\Editor\2020.3.0f1\Editor\Unity.exe
-adb2
-batchMode
-noUpm
-name
AssetImportWorker0
-projectPath
C:/Users/APEX/Documents/GitHub/GuildMaster/GuildMaster
-logFile
Logs/AssetImportWorker0.log
-srvPort
62058
Successfully changed project path to: C:/Users/APEX/Documents/GitHub/GuildMaster/GuildMaster
C:/Users/APEX/Documents/GitHub/GuildMaster/GuildMaster
Using Asset Import Pipeline V2.
Refreshing native plugins compatible for Editor in 31.09 ms, found 1 plugins.
Preloading 0 native plugins for Editor in 0.00 ms.
Initialize engine version: 2020.3.0f1 (c7b5465681fb)
[Subsystems] Discovering subsystems at path C:/Program Files/Unity/Hub/Editor/2020.3.0f1/Editor/Data/Resources/UnitySubsystems
[Subsystems] Discovering subsystems at path C:/Users/APEX/Documents/GitHub/GuildMaster/GuildMaster/Assets
GfxDevice: creating device client; threaded=0
Direct3D:
    Version:  Direct3D 11.0 [level 11.1]
    Renderer: NVIDIA GeForce RTX 2080 Ti (ID=0x1e07)
    Vendor:   
    VRAM:     11049 MB
    Driver:   27.21.14.6079
Initialize mono
Mono path[0] = 'C:/Program Files/Unity/Hub/Editor/2020.3.0f1/Editor/Data/Managed'
Mono path[1] = 'C:/Program Files/Unity/Hub/Editor/2020.3.0f1/Editor/Data/MonoBleedingEdge/lib/mono/unityjit'
Mono config path = 'C:/Program Files/Unity/Hub/Editor/2020.3.0f1/Editor/Data/MonoBleedingEdge/etc'
Using monoOptions --debugger-agent=transport=dt_socket,embedding=1,server=y,suspend=n,address=127.0.0.1:56640
Begin MonoManager ReloadAssembly
Registering precompiled unity dll's ...
Register platform support module: C:/Program Files/Unity/Hub/Editor/2020.3.0f1/Editor/Data/PlaybackEngines/WebGLSupport/UnityEditor.WebGL.Extensions.dll
Register platform support module: C:/Program Files/Unity/Hub/Editor/2020.3.0f1/Editor/Data/PlaybackEngines/WindowsStandaloneSupport/UnityEditor.WindowsStandalone.Extensions.dll
Registered in 0.003538 seconds.
Native extension for WindowsStandalone target not found
Native extension for WebGL target not found
Refreshing native plugins compatible for Editor in 27.83 ms, found 1 plugins.
Preloading 0 native plugins for Editor in 0.00 ms.
Invoked RoslynAnalysisRunner static constructor.
RoslynAnalysisRunner will not be running.
RoslynAnalysisRunner has terminated.
Mono: successfully reloaded assembly
- Completed reload, in  3.738 seconds
Platform modules already initialized, skipping
Registering precompiled user dll's ...
Registered in 0.001992 seconds.
Begin MonoManager ReloadAssembly
Native extension for WindowsStandalone target not found
Native extension for WebGL target not found
Refreshing native plugins compatible for Editor in 28.89 ms, found 1 plugins.
Preloading 0 native plugins for Editor in 0.00 ms.
Invoked RoslynAnalysisRunner static constructor.
RoslynAnalysisRunner will not be running.
RoslynAnalysisRunner has terminated.
Mono: successfully reloaded assembly
- Completed reload, in  0.827 seconds
Platform modules already initialized, skipping
========================================================================
Worker process is ready to serve import requests
Launched and connected shader compiler UnityShaderCompiler.exe after 0.04 seconds
Refreshing native plugins compatible for Editor in 0.26 ms, found 1 plugins.
Preloading 0 native plugins for Editor in 0.00 ms.
Unloading 1954 Unused Serialized files (Serialized files now loaded: 0)
System memory in use before: 93.6 MB.
System memory in use after: 93.5 MB.

Unloading 25 unused Assets to reduce memory usage. Loaded Objects now: 2400.
Total: 1.562100 ms (FindLiveObjects: 0.160000 ms CreateObjectMapping: 0.069400 ms MarkObjects: 1.234900 ms  DeleteObjects: 0.097200 ms)

========================================================================
Received Import Request.
  path: Assets/Scripts/PlayFabController.cs
  artifactKey: Guid(d886ca3f42f6da4429fd71f636f08d3e) Importer(815301076,1909f56bfc062723c751e8b465ee728b)
Start importing Assets/Scripts/PlayFabController.cs using Guid(d886ca3f42f6da4429fd71f636f08d3e) Importer(815301076,1909f56bfc062723c751e8b465ee728b)  -> (artifact id: '27a6c07dfb9f7cfdec7139298a906202') in 0.031157 seconds
  Import took 0.034397 seconds .

========================================================================
Received Prepare
Registering precompiled user dll's ...
Registered in 0.000793 seconds.
Begin MonoManager ReloadAssembly
Native extension for WindowsStandalone target not found
Native extension for WebGL target not found
Refreshing native plugins compatible for Editor in 0.28 ms, found 1 plugins.
Preloading 0 native plugins for Editor in 0.00 ms.
Invoked RoslynAnalysisRunner static constructor.
RoslynAnalysisRunner will not be running.
RoslynAnalysisRunner has terminated.
Mono: successfully reloaded assembly
- Completed reload, in  0.700 seconds
Platform modules already initialized, skipping
Refreshing native plugins compatible for Editor in 0.28 ms, found 1 plugins.
Preloading 0 native plugins for Editor in 0.00 ms.
Unloading 1934 Unused Serialized files (Serialized files now loaded: 0)
System memory in use before: 92.5 MB.
System memory in use after: 92.5 MB.

Unloading 13 unused Assets to reduce memory usage. Loaded Objects now: 2405.
Total: 1.686100 ms (FindLiveObjects: 0.161600 ms CreateObjectMapping: 0.069800 ms MarkObjects: 1.368900 ms  DeleteObjects: 0.085100 ms)

========================================================================
Received Import Request.
  Time since last request: 486.926879 seconds.
  path: Assets/Scripts/UnitDatabase.cs
  artifactKey: Guid(fdbbc89776069484db856a92dfbe18be) Importer(815301076,1909f56bfc062723c751e8b465ee728b)
Start importing Assets/Scripts/UnitDatabase.cs using Guid(fdbbc89776069484db856a92dfbe18be) Importer(815301076,1909f56bfc062723c751e8b465ee728b)  -> (artifact id: '63a0efa955d28bb659d311f21315ebc3') in 0.006924 seconds
  Import took 0.010190 seconds .

========================================================================
Received Prepare
Registering precompiled user dll's ...
Registered in 0.000751 seconds.
Begin MonoManager ReloadAssembly
Native extension for WindowsStandalone target not found
Native extension for WebGL target not found
Refreshing native plugins compatible for Editor in 0.28 ms, found 1 plugins.
Preloading 0 native plugins for Editor in 0.00 ms.
Invoked RoslynAnalysisRunner static constructor.
RoslynAnalysisRunner will not be running.
RoslynAnalysisRunner has terminated.
Mono: successfully reloaded assembly
- Completed reload, in  0.740 seconds
Platform modules already initialized, skipping
Refreshing native plugins compatible for Editor in 0.28 ms, found 1 plugins.
Preloading 0 native plugins for Editor in 0.00 ms.
Unloading 1935 Unused Serialized files (Serialized files now loaded: 0)
System memory in use before: 92.6 MB.
System memory in use after: 92.6 MB.

Unloading 13 unused Assets to reduce memory usage. Loaded Objects now: 2411.
Total: 1.564700 ms (FindLiveObjects: 0.145600 ms CreateObjectMapping: 0.060000 ms MarkObjects: 1.246400 ms  DeleteObjects: 0.112000 ms)

========================================================================
Received Prepare
Registering precompiled user dll's ...
Registered in 0.000795 seconds.
Begin MonoManager ReloadAssembly
Native extension for WindowsStandalone target not found
Native extension for WebGL target not found
Refreshing native plugins compatible for Editor in 0.28 ms, found 1 plugins.
Preloading 0 native plugins for Editor in 0.00 ms.
Invoked RoslynAnalysisRunner static constructor.
RoslynAnalysisRunner will not be running.
RoslynAnalysisRunner has terminated.
Mono: successfully reloaded assembly
- Completed reload, in  0.748 seconds
Platform modules already initialized, skipping
Refreshing native plugins compatible for Editor in 0.27 ms, found 1 plugins.
Preloading 0 native plugins for Editor in 0.00 ms.
Unloading 1935 Unused Serialized files (Serialized files now loaded: 0)
System memory in use before: 92.6 MB.
System memory in use after: 92.6 MB.

Unloading 13 unused Assets to reduce memory usage. Loaded Objects now: 2416.
Total: 2.173500 ms (FindLiveObjects: 0.246600 ms CreateObjectMapping: 0.089500 ms MarkObjects: 1.751300 ms  DeleteObjects: 0.085200 ms)

========================================================================
Received Import Request.
  Time since last request: 1121.274688 seconds.
  path: Assets/Scripts/UnitDatabase.cs
  artifactKey: Guid(fdbbc89776069484db856a92dfbe18be) Importer(815301076,1909f56bfc062723c751e8b465ee728b)
Start importing Assets/Scripts/UnitDatabase.cs using Guid(fdbbc89776069484db856a92dfbe18be) Importer(815301076,1909f56bfc062723c751e8b465ee728b)  -> (artifact id: 'fe0c06af46f0e8fc402e73163f3e80e0') in 0.004538 seconds
  Import took 0.007153 seconds .

========================================================================
Received Prepare
Registering precompiled user dll's ...
Registered in 0.002227 seconds.
Begin MonoManager ReloadAssembly
Native extension for WindowsStandalone target not found
Native extension for WebGL target not found
Refreshing native plugins compatible for Editor in 0.33 ms, found 1 plugins.
Preloading 0 native plugins for Editor in 0.00 ms.
Invoked RoslynAnalysisRunner static constructor.
RoslynAnalysisRunner will not be running.
RoslynAnalysisRunner has terminated.
Mono: successfully reloaded assembly
- Completed reload, in  0.893 seconds
Platform modules already initialized, skipping
Refreshing native plugins compatible for Editor in 0.32 ms, found 1 plugins.
Preloading 0 native plugins for Editor in 0.00 ms.
Unloading 1935 Unused Serialized files (Serialized files now loaded: 0)
System memory in use before: 92.6 MB.
System memory in use after: 92.6 MB.

Unloading 13 unused Assets to reduce memory usage. Loaded Objects now: 2421.
Total: 1.627000 ms (FindLiveObjects: 0.225300 ms CreateObjectMapping: 0.057500 ms MarkObjects: 1.252600 ms  DeleteObjects: 0.090700 ms)

========================================================================
Received Prepare
Registering precompiled user dll's ...
Registered in 0.000829 seconds.
Begin MonoManager ReloadAssembly
Native extension for WindowsStandalone target not found
Native extension for WebGL target not found
Refreshing native plugins compatible for Editor in 0.43 ms, found 1 plugins.
Preloading 0 native plugins for Editor in 0.00 ms.
Invoked RoslynAnalysisRunner static constructor.
RoslynAnalysisRunner will not be running.
RoslynAnalysisRunner has terminated.
Mono: successfully reloaded assembly
- Completed reload, in  0.792 seconds
Platform modules already initialized, skipping
Refreshing native plugins compatible for Editor in 0.31 ms, found 1 plugins.
Preloading 0 native plugins for Editor in 0.00 ms.
Unloading 1935 Unused Serialized files (Serialized files now loaded: 0)
System memory in use before: 92.6 MB.
System memory in use after: 92.6 MB.

Unloading 13 unused Assets to reduce memory usage. Loaded Objects now: 2426.
Total: 1.954200 ms (FindLiveObjects: 0.285800 ms CreateObjectMapping: 0.096000 ms MarkObjects: 1.484300 ms  DeleteObjects: 0.086900 ms)

========================================================================
Received Import Request.
  Time since last request: 3021.049543 seconds.
  path: Assets/Scripts/TabController.cs
  artifactKey: Guid(3883502ece3a8fb48844d1f3f353807e) Importer(815301076,1909f56bfc062723c751e8b465ee728b)
Start importing Assets/Scripts/TabController.cs using Guid(3883502ece3a8fb48844d1f3f353807e) Importer(815301076,1909f56bfc062723c751e8b465ee728b)  -> (artifact id: '1c14361921c4a5011c1475ea5b319a82') in 0.007777 seconds
  Import took 0.011335 seconds .

========================================================================
Received Prepare
Registering precompiled user dll's ...
Registered in 0.001546 seconds.
Begin MonoManager ReloadAssembly
Native extension for WindowsStandalone target not found
Native extension for WebGL target not found
Refreshing native plugins compatible for Editor in 0.28 ms, found 1 plugins.
Preloading 0 native plugins for Editor in 0.00 ms.
Invoked RoslynAnalysisRunner static constructor.
RoslynAnalysisRunner will not be running.
RoslynAnalysisRunner has terminated.
Mono: successfully reloaded assembly
- Completed reload, in  0.694 seconds
Platform modules already initialized, skipping
Refreshing native plugins compatible for Editor in 0.27 ms, found 1 plugins.
Preloading 0 native plugins for Editor in 0.00 ms.
Unloading 1936 Unused Serialized files (Serialized files now loaded: 0)
System memory in use before: 92.7 MB.
System memory in use after: 92.7 MB.

Unloading 13 unused Assets to reduce memory usage. Loaded Objects now: 2432.
Total: 1.564500 ms (FindLiveObjects: 0.156600 ms CreateObjectMapping: 0.058700 ms MarkObjects: 1.266600 ms  DeleteObjects: 0.082000 ms)

========================================================================
Received Import Request.
  Time since last request: 184.217134 seconds.
  path: Assets/Scripts/TabController.cs
  artifactKey: Guid(3883502ece3a8fb48844d1f3f353807e) Importer(815301076,1909f56bfc062723c751e8b465ee728b)
Start importing Assets/Scripts/TabController.cs using Guid(3883502ece3a8fb48844d1f3f353807e) Importer(815301076,1909f56bfc062723c751e8b465ee728b)  -> (artifact id: '2254da24d9275230f31dc4f2f888937b') in 0.004591 seconds
  Import took 0.007803 seconds .

========================================================================
Received Prepare
Registering precompiled user dll's ...
Registered in 0.000847 seconds.
Begin MonoManager ReloadAssembly
Native extension for WindowsStandalone target not found
Native extension for WebGL target not found
Refreshing native plugins compatible for Editor in 0.29 ms, found 1 plugins.
Preloading 0 native plugins for Editor in 0.00 ms.
Invoked RoslynAnalysisRunner static constructor.
RoslynAnalysisRunner will not be running.
RoslynAnalysisRunner has terminated.
Mono: successfully reloaded assembly
- Completed reload, in  0.771 seconds
Platform modules already initialized, skipping
Refreshing native plugins compatible for Editor in 0.41 ms, found 1 plugins.
Preloading 0 native plugins for Editor in 0.00 ms.
Unloading 1936 Unused Serialized files (Serialized files now loaded: 0)
System memory in use before: 92.7 MB.
System memory in use after: 92.7 MB.

Unloading 13 unused Assets to reduce memory usage. Loaded Objects now: 2437.
Total: 2.010800 ms (FindLiveObjects: 0.184400 ms CreateObjectMapping: 0.057800 ms MarkObjects: 1.685500 ms  DeleteObjects: 0.082200 ms)

========================================================================
Received Prepare
Registering precompiled user dll's ...
Registered in 0.000765 seconds.
Begin MonoManager ReloadAssembly
Native extension for WindowsStandalone target not found
Native extension for WebGL target not found
Refreshing native plugins compatible for Editor in 0.27 ms, found 1 plugins.
Preloading 0 native plugins for Editor in 0.00 ms.
Invoked RoslynAnalysisRunner static constructor.
RoslynAnalysisRunner will not be running.
RoslynAnalysisRunner has terminated.
Mono: successfully reloaded assembly
- Completed reload, in  0.708 seconds
Platform modules already initialized, skipping
Refreshing native plugins compatible for Editor in 0.30 ms, found 1 plugins.
Preloading 0 native plugins for Editor in 0.00 ms.
Unloading 1936 Unused Serialized files (Serialized files now loaded: 0)
System memory in use before: 92.7 MB.
System memory in use after: 92.7 MB.

Unloading 13 unused Assets to reduce memory usage. Loaded Objects now: 2442.
Total: 1.668700 ms (FindLiveObjects: 0.209700 ms CreateObjectMapping: 0.064300 ms MarkObjects: 1.314500 ms  DeleteObjects: 0.079400 ms)

========================================================================
Received Prepare
Registering precompiled user dll's ...
Registered in 0.001032 seconds.
Begin MonoManager ReloadAssembly
Native extension for WindowsStandalone target not found
Native extension for WebGL target not found
Refreshing native plugins compatible for Editor in 0.30 ms, found 1 plugins.
Preloading 0 native plugins for Editor in 0.00 ms.
Invoked RoslynAnalysisRunner static constructor.
RoslynAnalysisRunner will not be running.
RoslynAnalysisRunner has terminated.
Mono: successfully reloaded assembly
- Completed reload, in  0.786 seconds
Platform modules already initialized, skipping
Refreshing native plugins compatible for Editor in 0.29 ms, found 1 plugins.
Preloading 0 native plugins for Editor in 0.00 ms.
Unloading 1936 Unused Serialized files (Serialized files now loaded: 0)
System memory in use before: 92.7 MB.
System memory in use after: 92.7 MB.

Unloading 13 unused Assets to reduce memory usage. Loaded Objects now: 2447.
Total: 1.673600 ms (FindLiveObjects: 0.161000 ms CreateObjectMapping: 0.052100 ms MarkObjects: 1.375600 ms  DeleteObjects: 0.083900 ms)

========================================================================
Received Prepare
Registering precompiled user dll's ...
Registered in 0.000794 seconds.
Begin MonoManager ReloadAssembly
Native extension for WindowsStandalone target not found
Native extension for WebGL target not found
Refreshing native plugins compatible for Editor in 0.27 ms, found 1 plugins.
Preloading 0 native plugins for Editor in 0.00 ms.
Invoked RoslynAnalysisRunner static constructor.
RoslynAnalysisRunner will not be running.
RoslynAnalysisRunner has terminated.
Mono: successfully reloaded assembly
- Completed reload, in  0.708 seconds
Platform modules already initialized, skipping
Refreshing native plugins compatible for Editor in 0.27 ms, found 1 plugins.
Preloading 0 native plugins for Editor in 0.00 ms.
Unloading 1936 Unused Serialized files (Serialized files now loaded: 0)
System memory in use before: 92.7 MB.
System memory in use after: 92.7 MB.

Unloading 13 unused Assets to reduce memory usage. Loaded Objects now: 2452.
Total: 1.667200 ms (FindLiveObjects: 0.160800 ms CreateObjectMapping: 0.061900 ms MarkObjects: 1.361700 ms  DeleteObjects: 0.082200 ms)

========================================================================
Received Prepare
Registering precompiled user dll's ...
Registered in 0.001136 seconds.
Begin MonoManager ReloadAssembly
Native extension for WindowsStandalone target not found
Native extension for WebGL target not found
Refreshing native plugins compatible for Editor in 0.32 ms, found 1 plugins.
Preloading 0 native plugins for Editor in 0.00 ms.
Invoked RoslynAnalysisRunner static constructor.
RoslynAnalysisRunner will not be running.
RoslynAnalysisRunner has terminated.
Mono: successfully reloaded assembly
- Completed reload, in  0.839 seconds
Platform modules already initialized, skipping
Refreshing native plugins compatible for Editor in 0.32 ms, found 1 plugins.
Preloading 0 native plugins for Editor in 0.00 ms.
Unloading 1936 Unused Serialized files (Serialized files now loaded: 0)
System memory in use before: 92.7 MB.
System memory in use after: 92.7 MB.

Unloading 13 unused Assets to reduce memory usage. Loaded Objects now: 2457.
Total: 1.881300 ms (FindLiveObjects: 0.192400 ms CreateObjectMapping: 0.071800 ms MarkObjects: 1.529500 ms  DeleteObjects: 0.086200 ms)

========================================================================
Received Prepare
Registering precompiled user dll's ...
Registered in 0.000827 seconds.
Begin MonoManager ReloadAssembly
Native extension for WindowsStandalone target not found
Native extension for WebGL target not found
Refreshing native plugins compatible for Editor in 0.31 ms, found 1 plugins.
Preloading 0 native plugins for Editor in 0.00 ms.
Invoked RoslynAnalysisRunner static constructor.
RoslynAnalysisRunner will not be running.
RoslynAnalysisRunner has terminated.
Mono: successfully reloaded assembly
- Completed reload, in  0.799 seconds
Platform modules already initialized, skipping
Refreshing native plugins compatible for Editor in 0.32 ms, found 1 plugins.
Preloading 0 native plugins for Editor in 0.00 ms.
Unloading 1936 Unused Serialized files (Serialized files now loaded: 0)
System memory in use before: 92.7 MB.
System memory in use after: 92.7 MB.

Unloading 13 unused Assets to reduce memory usage. Loaded Objects now: 2462.
Total: 1.918300 ms (FindLiveObjects: 0.190000 ms CreateObjectMapping: 0.153300 ms MarkObjects: 1.486500 ms  DeleteObjects: 0.087800 ms)

========================================================================
Received Prepare
Refreshing native plugins compatible for Editor in 1.37 ms, found 1 plugins.
Preloading 0 native plugins for Editor in 0.00 ms.
Unloading 10 Unused Serialized files (Serialized files now loaded: 0)
System memory in use before: 54.7 MB.
System memory in use after: 54.7 MB.

Unloading 10 unused Assets to reduce memory usage. Loaded Objects now: 2462.
Total: 1.692500 ms (FindLiveObjects: 0.170300 ms CreateObjectMapping: 0.063900 ms MarkObjects: 1.372400 ms  DeleteObjects: 0.085200 ms)

========================================================================
Received Prepare
Registering precompiled user dll's ...
Registered in 0.000886 seconds.
Begin MonoManager ReloadAssembly
Native extension for WindowsStandalone target not found
Native extension for WebGL target not found
Refreshing native plugins compatible for Editor in 0.39 ms, found 1 plugins.
Preloading 0 native plugins for Editor in 0.00 ms.
Invoked RoslynAnalysisRunner static constructor.
RoslynAnalysisRunner will not be running.
RoslynAnalysisRunner has terminated.
Mono: successfully reloaded assembly
- Completed reload, in  0.786 seconds
Platform modules already initialized, skipping
Refreshing native plugins compatible for Editor in 0.28 ms, found 1 plugins.
Preloading 0 native plugins for Editor in 0.00 ms.
Unloading 1936 Unused Serialized files (Serialized files now loaded: 0)
System memory in use before: 92.7 MB.
System memory in use after: 92.7 MB.

Unloading 13 unused Assets to reduce memory usage. Loaded Objects now: 2467.
Total: 5.282900 ms (FindLiveObjects: 0.594700 ms CreateObjectMapping: 0.091800 ms MarkObjects: 3.895600 ms  DeleteObjects: 0.699700 ms)

========================================================================
Received Prepare
Registering precompiled user dll's ...
Registered in 0.000885 seconds.
Begin MonoManager ReloadAssembly
Native extension for WindowsStandalone target not found
Native extension for WebGL target not found
Refreshing native plugins compatible for Editor in 0.45 ms, found 1 plugins.
Preloading 0 native plugins for Editor in 0.00 ms.
Invoked RoslynAnalysisRunner static constructor.
RoslynAnalysisRunner will not be running.
RoslynAnalysisRunner has terminated.
Mono: successfully reloaded assembly
- Completed reload, in  0.780 seconds
Platform modules already initialized, skipping
Refreshing native plugins compatible for Editor in 0.29 ms, found 1 plugins.
Preloading 0 native plugins for Editor in 0.00 ms.
Unloading 1936 Unused Serialized files (Serialized files now loaded: 0)
System memory in use before: 92.8 MB.
System memory in use after: 92.8 MB.

Unloading 13 unused Assets to reduce memory usage. Loaded Objects now: 2472.
Total: 2.457300 ms (FindLiveObjects: 0.241700 ms CreateObjectMapping: 0.115600 ms MarkObjects: 2.010400 ms  DeleteObjects: 0.088700 ms)

========================================================================
Received Prepare
Registering precompiled user dll's ...
Registered in 0.000813 seconds.
Begin MonoManager ReloadAssembly
Native extension for WindowsStandalone target not found
Native extension for WebGL target not found
Refreshing native plugins compatible for Editor in 0.31 ms, found 1 plugins.
Preloading 0 native plugins for Editor in 0.00 ms.
Invoked RoslynAnalysisRunner static constructor.
RoslynAnalysisRunner will not be running.
RoslynAnalysisRunner has terminated.
Mono: successfully reloaded assembly
- Completed reload, in  0.789 seconds
Platform modules already initialized, skipping
Refreshing native plugins compatible for Editor in 0.41 ms, found 1 plugins.
Preloading 0 native plugins for Editor in 0.00 ms.
Unloading 1936 Unused Serialized files (Serialized files now loaded: 0)
System memory in use before: 92.8 MB.
System memory in use after: 92.8 MB.

Unloading 13 unused Assets to reduce memory usage. Loaded Objects now: 2477.
Total: 2.238200 ms (FindLiveObjects: 0.441700 ms CreateObjectMapping: 0.112200 ms MarkObjects: 1.602100 ms  DeleteObjects: 0.081200 ms)

========================================================================
Received Prepare
Registering precompiled user dll's ...
Registered in 0.000757 seconds.
Begin MonoManager ReloadAssembly
Native extension for WindowsStandalone target not found
Native extension for WebGL target not found
Refreshing native plugins compatible for Editor in 0.29 ms, found 1 plugins.
Preloading 0 native plugins for Editor in 0.00 ms.
Invoked RoslynAnalysisRunner static constructor.
RoslynAnalysisRunner will not be running.
RoslynAnalysisRunner has terminated.
Mono: successfully reloaded assembly
- Completed reload, in  0.784 seconds
Platform modules already initialized, skipping
Refreshing native plugins compatible for Editor in 0.34 ms, found 1 plugins.
Preloading 0 native plugins for Editor in 0.00 ms.
Unloading 1936 Unused Serialized files (Serialized files now loaded: 0)
System memory in use before: 92.8 MB.
System memory in use after: 92.8 MB.

Unloading 13 unused Assets to reduce memory usage. Loaded Objects now: 2482.
Total: 2.044000 ms (FindLiveObjects: 0.266500 ms CreateObjectMapping: 0.130200 ms MarkObjects: 1.558000 ms  DeleteObjects: 0.088300 ms)

========================================================================
Received Prepare
Registering precompiled user dll's ...
Registered in 0.000938 seconds.
Begin MonoManager ReloadAssembly
Native extension for WindowsStandalone target not found
Native extension for WebGL target not found
Refreshing native plugins compatible for Editor in 0.34 ms, found 1 plugins.
Preloading 0 native plugins for Editor in 0.00 ms.
Invoked RoslynAnalysisRunner static constructor.
RoslynAnalysisRunner will not be running.
RoslynAnalysisRunner has terminated.
Mono: successfully reloaded assembly
- Completed reload, in  0.792 seconds
Platform modules already initialized, skipping
Refreshing native plugins compatible for Editor in 0.29 ms, found 1 plugins.
Preloading 0 native plugins for Editor in 0.00 ms.
Unloading 1936 Unused Serialized files (Serialized files now loaded: 0)
System memory in use before: 92.8 MB.
System memory in use after: 92.8 MB.

Unloading 13 unused Assets to reduce memory usage. Loaded Objects now: 2487.
Total: 2.512500 ms (FindLiveObjects: 0.202700 ms CreateObjectMapping: 0.108300 ms MarkObjects: 2.020300 ms  DeleteObjects: 0.179800 ms)

========================================================================
Received Prepare
Registering precompiled user dll's ...
Registered in 0.000759 seconds.
Begin MonoManager ReloadAssembly
Native extension for WindowsStandalone target not found
Native extension for WebGL target not found
Refreshing native plugins compatible for Editor in 0.27 ms, found 1 plugins.
Preloading 0 native plugins for Editor in 0.00 ms.
Invoked RoslynAnalysisRunner static constructor.
RoslynAnalysisRunner will not be running.
RoslynAnalysisRunner has terminated.
Mono: successfully reloaded assembly
- Completed reload, in  0.699 seconds
Platform modules already initialized, skipping
Refreshing native plugins compatible for Editor in 0.27 ms, found 1 plugins.
Preloading 0 native plugins for Editor in 0.00 ms.
Unloading 1936 Unused Serialized files (Serialized files now loaded: 0)
System memory in use before: 92.8 MB.
System memory in use after: 92.8 MB.

Unloading 13 unused Assets to reduce memory usage. Loaded Objects now: 2492.
Total: 1.725400 ms (FindLiveObjects: 0.208300 ms CreateObjectMapping: 0.063100 ms MarkObjects: 1.370300 ms  DeleteObjects: 0.083100 ms)

========================================================================
Received Prepare
Registering precompiled user dll's ...
Registered in 0.000845 seconds.
Begin MonoManager ReloadAssembly
Native extension for WindowsStandalone target not found
Native extension for WebGL target not found
Refreshing native plugins compatible for Editor in 0.35 ms, found 1 plugins.
Preloading 0 native plugins for Editor in 0.00 ms.
Invoked RoslynAnalysisRunner static constructor.
RoslynAnalysisRunner will not be running.
RoslynAnalysisRunner has terminated.
Mono: successfully reloaded assembly
- Completed reload, in  0.828 seconds
Platform modules already initialized, skipping
Refreshing native plugins compatible for Editor in 0.31 ms, found 1 plugins.
Preloading 0 native plugins for Editor in 0.00 ms.
Unloading 1936 Unused Serialized files (Serialized files now loaded: 0)
System memory in use before: 92.8 MB.
System memory in use after: 92.8 MB.

Unloading 13 unused Assets to reduce memory usage. Loaded Objects now: 2497.
Total: 2.151800 ms (FindLiveObjects: 0.228400 ms CreateObjectMapping: 0.077200 ms MarkObjects: 1.756400 ms  DeleteObjects: 0.088800 ms)

========================================================================
Received Prepare
Registering precompiled user dll's ...
Registered in 0.000825 seconds.
Begin MonoManager ReloadAssembly
Native extension for WindowsStandalone target not found
Native extension for WebGL target not found
Refreshing native plugins compatible for Editor in 0.27 ms, found 1 plugins.
Preloading 0 native plugins for Editor in 0.00 ms.
Invoked RoslynAnalysisRunner static constructor.
RoslynAnalysisRunner will not be running.
RoslynAnalysisRunner has terminated.
Mono: successfully reloaded assembly
- Completed reload, in  0.710 seconds
Platform modules already initialized, skipping
Refreshing native plugins compatible for Editor in 0.31 ms, found 1 plugins.
Preloading 0 native plugins for Editor in 0.00 ms.
Unloading 1936 Unused Serialized files (Serialized files now loaded: 0)
System memory in use before: 92.8 MB.
System memory in use after: 92.8 MB.

Unloading 13 unused Assets to reduce memory usage. Loaded Objects now: 2502.
Total: 1.685500 ms (FindLiveObjects: 0.170600 ms CreateObjectMapping: 0.060300 ms MarkObjects: 1.363000 ms  DeleteObjects: 0.090900 ms)

========================================================================
Received Prepare
Registering precompiled user dll's ...
Registered in 0.000788 seconds.
Begin MonoManager ReloadAssembly
Native extension for WindowsStandalone target not found
Native extension for WebGL target not found
Refreshing native plugins compatible for Editor in 0.28 ms, found 1 plugins.
Preloading 0 native plugins for Editor in 0.00 ms.
Invoked RoslynAnalysisRunner static constructor.
RoslynAnalysisRunner will not be running.
RoslynAnalysisRunner has terminated.
Mono: successfully reloaded assembly
- Completed reload, in  0.832 seconds
Platform modules already initialized, skipping
Refreshing native plugins compatible for Editor in 0.29 ms, found 1 plugins.
Preloading 0 native plugins for Editor in 0.00 ms.
Unloading 1936 Unused Serialized files (Serialized files now loaded: 0)
System memory in use before: 92.8 MB.
System memory in use after: 92.8 MB.

Unloading 13 unused Assets to reduce memory usage. Loaded Objects now: 2507.
Total: 2.369500 ms (FindLiveObjects: 0.244000 ms CreateObjectMapping: 0.094500 ms MarkObjects: 1.869400 ms  DeleteObjects: 0.160200 ms)

========================================================================
Received Import Request.
  Time since last request: 2020.932244 seconds.
  path: Assets/PlayFabEditorExtensions/Editor/UI/Images/checkmark.png
  artifactKey: Guid(1f806a850e4ff264eafc4935f65793b8) Importer(815301076,1909f56bfc062723c751e8b465ee728b)
Start importing Assets/PlayFabEditorExtensions/Editor/UI/Images/checkmark.png using Guid(1f806a850e4ff264eafc4935f65793b8) Importer(815301076,1909f56bfc062723c751e8b465ee728b)  -> (artifact id: '6fa9fef732aa1c96595bd43e373ef3b0') in 0.107220 seconds
  Import took 0.110720 seconds .

========================================================================
Received Import Request.
  Time since last request: 0.000133 seconds.
  path: Assets/PlayFabEditorExtensions/Editor/UI/Images/checkmark_off.png
  artifactKey: Guid(d20c53c8cad21024091aeed0b9bf2a0e) Importer(815301076,1909f56bfc062723c751e8b465ee728b)
Start importing Assets/PlayFabEditorExtensions/Editor/UI/Images/checkmark_off.png using Guid(d20c53c8cad21024091aeed0b9bf2a0e) Importer(815301076,1909f56bfc062723c751e8b465ee728b)  -> (artifact id: 'cafc53bf9f6a31e3c213b98c28a492e5') in 0.015416 seconds
  Import took 0.018474 seconds .

========================================================================
Received Import Request.
  Time since last request: 0.000146 seconds.
  path: Assets/PlayFabEditorExtensions/Editor/UI/Images/playfablogo.png
  artifactKey: Guid(77e37f7fe73c7db4d9a1702eb4ad411b) Importer(815301076,1909f56bfc062723c751e8b465ee728b)
Start importing Assets/PlayFabEditorExtensions/Editor/UI/Images/playfablogo.png using Guid(77e37f7fe73c7db4d9a1702eb4ad411b) Importer(815301076,1909f56bfc062723c751e8b465ee728b)  -> (artifact id: '33cae29ae5743ac397720b34f8442726') in 0.018933 seconds
  Import took 0.021675 seconds .

========================================================================
Received Import Request.
  Time since last request: 0.000142 seconds.
  path: Assets/PlayFabEditorExtensions/Editor/UI/Images/dashboardIcon.png
  artifactKey: Guid(4f1db872b2efa324c806fcbb54e19e1c) Importer(815301076,1909f56bfc062723c751e8b465ee728b)
Start importing Assets/PlayFabEditorExtensions/Editor/UI/Images/dashboardIcon.png using Guid(4f1db872b2efa324c806fcbb54e19e1c) Importer(815301076,1909f56bfc062723c751e8b465ee728b)  -> (artifact id: 'ba3334728553be957d1e3c151d09a737') in 0.017465 seconds
  Import took 0.020416 seconds .

========================================================================
Received Import Request.
  Time since last request: 0.000141 seconds.
  path: Assets/PlayFabEditorExtensions/Editor/UI/Images/dashboardIconHover.png
  artifactKey: Guid(b43817ee9dda16c41a628a705526a021) Importer(815301076,1909f56bfc062723c751e8b465ee728b)
Start importing Assets/PlayFabEditorExtensions/Editor/UI/Images/dashboardIconHover.png using Guid(b43817ee9dda16c41a628a705526a021) Importer(815301076,1909f56bfc062723c751e8b465ee728b)  -> (artifact id: 'faa223b03bdd4083f866da8c8a777e5d') in 0.014603 seconds
  Import took 0.017191 seconds .

========================================================================
Received Import Request.
  Time since last request: 0.000134 seconds.
  path: Assets/PlayFabEditorExtensions/Editor/UI/Images/checkmark_on.png
  artifactKey: Guid(a2f13c216f2649d49b892cade7f4e5f0) Importer(815301076,1909f56bfc062723c751e8b465ee728b)
Start importing Assets/PlayFabEditorExtensions/Editor/UI/Images/checkmark_on.png using Guid(a2f13c216f2649d49b892cade7f4e5f0) Importer(815301076,1909f56bfc062723c751e8b465ee728b)  -> (artifact id: '50eba6afafb5c4a98380fc81c57fe2da') in 0.018308 seconds
  Import took 0.020758 seconds .

========================================================================
Received Import Request.
  Time since last request: 0.000136 seconds.
  path: Assets/PlayFabSDK/Shared/Editor/PlayFablogo.png
  artifactKey: Guid(ec8f5065b10fb4f04bebf82a992c442e) Importer(815301076,1909f56bfc062723c751e8b465ee728b)
Start importing Assets/PlayFabSDK/Shared/Editor/PlayFablogo.png using Guid(ec8f5065b10fb4f04bebf82a992c442e) Importer(815301076,1909f56bfc062723c751e8b465ee728b)  -> (artifact id: '98745e15f2056c16a8c7c81aa8282e32') in 0.015244 seconds
  Import took 0.017967 seconds .

========================================================================
Received Import Request.
  Time since last request: 113.153352 seconds.
  path: Assets/Sprites/symbol_reload.png
  artifactKey: Guid(0cc2e38033494514daefb84847bd7bb3) Importer(815301076,1909f56bfc062723c751e8b465ee728b)
Start importing Assets/Sprites/symbol_reload.png using Guid(0cc2e38033494514daefb84847bd7bb3) Importer(815301076,1909f56bfc062723c751e8b465ee728b)  -> (artifact id: '2c0f92ea06ba7d75331066498d71392c') in 0.011492 seconds
  Import took 0.014758 seconds .

========================================================================
Received Import Request.
  Time since last request: 0.003121 seconds.
  path: Assets/Sprites/symbol_reload.png
  artifactKey: Guid(0cc2e38033494514daefb84847bd7bb3) Importer(815301076,1909f56bfc062723c751e8b465ee728b)
Start importing Assets/Sprites/symbol_reload.png using Guid(0cc2e38033494514daefb84847bd7bb3) Importer(815301076,1909f56bfc062723c751e8b465ee728b)  -> (artifact id: '2c0f92ea06ba7d75331066498d71392c') in 0.006472 seconds
  Import took 0.008901 seconds .

========================================================================
Received Import Request.
  Time since last request: 58.409696 seconds.
  path: Assets/Sprites/symbol_reload.png
  artifactKey: Guid(0cc2e38033494514daefb84847bd7bb3) Importer(815301076,1909f56bfc062723c751e8b465ee728b)
Start importing Assets/Sprites/symbol_reload.png using Guid(0cc2e38033494514daefb84847bd7bb3) Importer(815301076,1909f56bfc062723c751e8b465ee728b)  -> (artifact id: '69feeaad9344a28f517296f899aabc06') in 0.006521 seconds
  Import took 0.009773 seconds .

========================================================================
Received Import Request.
  Time since last request: 0.001277 seconds.
  path: Assets/Sprites/symbol_reload.png
  artifactKey: Guid(0cc2e38033494514daefb84847bd7bb3) Importer(815301076,1909f56bfc062723c751e8b465ee728b)
Start importing Assets/Sprites/symbol_reload.png using Guid(0cc2e38033494514daefb84847bd7bb3) Importer(815301076,1909f56bfc062723c751e8b465ee728b)  -> (artifact id: '69feeaad9344a28f517296f899aabc06') in 0.006344 seconds
  Import took 0.008792 seconds .

========================================================================
Received Prepare
Registering precompiled user dll's ...
Registered in 0.001208 seconds.
Begin MonoManager ReloadAssembly
Native extension for WindowsStandalone target not found
Native extension for WebGL target not found
Refreshing native plugins compatible for Editor in 0.30 ms, found 1 plugins.
Preloading 0 native plugins for Editor in 0.00 ms.
Invoked RoslynAnalysisRunner static constructor.
RoslynAnalysisRunner will not be running.
RoslynAnalysisRunner has terminated.
Mono: successfully reloaded assembly
- Completed reload, in  0.788 seconds
Platform modules already initialized, skipping
Refreshing native plugins compatible for Editor in 0.34 ms, found 1 plugins.
Preloading 0 native plugins for Editor in 0.00 ms.
Unloading 1936 Unused Serialized files (Serialized files now loaded: 0)
System memory in use before: 96.0 MB.
System memory in use after: 95.9 MB.

Unloading 13 unused Assets to reduce memory usage. Loaded Objects now: 2524.
Total: 2.178600 ms (FindLiveObjects: 0.259500 ms CreateObjectMapping: 0.132600 ms MarkObjects: 1.701700 ms  DeleteObjects: 0.083400 ms)

========================================================================
Received Prepare
Registering precompiled user dll's ...
Registered in 0.000772 seconds.
Begin MonoManager ReloadAssembly
Native extension for WindowsStandalone target not found
Native extension for WebGL target not found
Refreshing native plugins compatible for Editor in 0.28 ms, found 1 plugins.
Preloading 0 native plugins for Editor in 0.00 ms.
Invoked RoslynAnalysisRunner static constructor.
RoslynAnalysisRunner will not be running.
RoslynAnalysisRunner has terminated.
Mono: successfully reloaded assembly
- Completed reload, in  0.721 seconds
Platform modules already initialized, skipping
Refreshing native plugins compatible for Editor in 0.27 ms, found 1 plugins.
Preloading 0 native plugins for Editor in 0.00 ms.
Unloading 1936 Unused Serialized files (Serialized files now loaded: 0)
System memory in use before: 96.0 MB.
System memory in use after: 96.0 MB.

Unloading 13 unused Assets to reduce memory usage. Loaded Objects now: 2529.
Total: 1.694900 ms (FindLiveObjects: 0.193100 ms CreateObjectMapping: 0.063700 ms MarkObjects: 1.355200 ms  DeleteObjects: 0.081900 ms)

========================================================================
Received Prepare
Registering precompiled user dll's ...
Registered in 0.000864 seconds.
Begin MonoManager ReloadAssembly
Native extension for WindowsStandalone target not found
Native extension for WebGL target not found
Refreshing native plugins compatible for Editor in 0.35 ms, found 1 plugins.
Preloading 0 native plugins for Editor in 0.00 ms.
Invoked RoslynAnalysisRunner static constructor.
RoslynAnalysisRunner will not be running.
RoslynAnalysisRunner has terminated.
Mono: successfully reloaded assembly
- Completed reload, in  0.720 seconds
Platform modules already initialized, skipping
Refreshing native plugins compatible for Editor in 0.30 ms, found 1 plugins.
Preloading 0 native plugins for Editor in 0.00 ms.
Unloading 1936 Unused Serialized files (Serialized files now loaded: 0)
System memory in use before: 96.0 MB.
System memory in use after: 96.0 MB.

Unloading 13 unused Assets to reduce memory usage. Loaded Objects now: 2534.
Total: 2.494700 ms (FindLiveObjects: 0.170700 ms CreateObjectMapping: 0.067000 ms MarkObjects: 2.113100 ms  DeleteObjects: 0.142900 ms)

========================================================================
Received Prepare
Registering precompiled user dll's ...
Registered in 0.001026 seconds.
Begin MonoManager ReloadAssembly
Native extension for WindowsStandalone target not found
Native extension for WebGL target not found
Refreshing native plugins compatible for Editor in 0.31 ms, found 1 plugins.
Preloading 0 native plugins for Editor in 0.00 ms.
Invoked RoslynAnalysisRunner static constructor.
RoslynAnalysisRunner will not be running.
RoslynAnalysisRunner has terminated.
Mono: successfully reloaded assembly
- Completed reload, in  0.782 seconds
Platform modules already initialized, skipping
Refreshing native plugins compatible for Editor in 0.29 ms, found 1 plugins.
Preloading 0 native plugins for Editor in 0.00 ms.
Unloading 1936 Unused Serialized files (Serialized files now loaded: 0)
System memory in use before: 96.0 MB.
System memory in use after: 96.0 MB.

Unloading 13 unused Assets to reduce memory usage. Loaded Objects now: 2539.
Total: 2.403300 ms (FindLiveObjects: 0.225400 ms CreateObjectMapping: 0.066600 ms MarkObjects: 2.000900 ms  DeleteObjects: 0.109200 ms)

========================================================================
Received Prepare
Registering precompiled user dll's ...
Registered in 0.000834 seconds.
Begin MonoManager ReloadAssembly
Native extension for WindowsStandalone target not found
Native extension for WebGL target not found
Refreshing native plugins compatible for Editor in 0.29 ms, found 1 plugins.
Preloading 0 native plugins for Editor in 0.00 ms.
Invoked RoslynAnalysisRunner static constructor.
RoslynAnalysisRunner will not be running.
RoslynAnalysisRunner has terminated.
Mono: successfully reloaded assembly
- Completed reload, in  0.779 seconds
Platform modules already initialized, skipping
Refreshing native plugins compatible for Editor in 0.43 ms, found 1 plugins.
Preloading 0 native plugins for Editor in 0.00 ms.
Unloading 1936 Unused Serialized files (Serialized files now loaded: 0)
System memory in use before: 96.0 MB.
System memory in use after: 96.0 MB.

Unloading 13 unused Assets to reduce memory usage. Loaded Objects now: 2544.
Total: 2.066900 ms (FindLiveObjects: 0.308700 ms CreateObjectMapping: 0.109000 ms MarkObjects: 1.564600 ms  DeleteObjects: 0.083000 ms)

========================================================================
Received Prepare
Registering precompiled user dll's ...
Registered in 0.000745 seconds.
Begin MonoManager ReloadAssembly
Native extension for WindowsStandalone target not found
Native extension for WebGL target not found
Refreshing native plugins compatible for Editor in 0.28 ms, found 1 plugins.
Preloading 0 native plugins for Editor in 0.00 ms.
Invoked RoslynAnalysisRunner static constructor.
RoslynAnalysisRunner will not be running.
RoslynAnalysisRunner has terminated.
Mono: successfully reloaded assembly
- Completed reload, in  0.706 seconds
Platform modules already initialized, skipping
Refreshing native plugins compatible for Editor in 0.28 ms, found 1 plugins.
Preloading 0 native plugins for Editor in 0.00 ms.
Unloading 1936 Unused Serialized files (Serialized files now loaded: 0)
System memory in use before: 96.0 MB.
System memory in use after: 96.0 MB.

Unloading 13 unused Assets to reduce memory usage. Loaded Objects now: 2549.
Total: 1.810300 ms (FindLiveObjects: 0.156800 ms CreateObjectMapping: 0.058600 ms MarkObjects: 1.410700 ms  DeleteObjects: 0.183400 ms)

========================================================================
Received Prepare
Registering precompiled user dll's ...
Registered in 0.001285 seconds.
Begin MonoManager ReloadAssembly
Native extension for WindowsStandalone target not found
Native extension for WebGL target not found
Refreshing native plugins compatible for Editor in 0.30 ms, found 1 plugins.
Preloading 0 native plugins for Editor in 0.00 ms.
Invoked RoslynAnalysisRunner static constructor.
RoslynAnalysisRunner will not be running.
RoslynAnalysisRunner has terminated.
Mono: successfully reloaded assembly
- Completed reload, in  0.762 seconds
Platform modules already initialized, skipping
Refreshing native plugins compatible for Editor in 0.47 ms, found 1 plugins.
Preloading 0 native plugins for Editor in 0.00 ms.
Unloading 1936 Unused Serialized files (Serialized files now loaded: 0)
System memory in use before: 96.0 MB.
System memory in use after: 96.0 MB.

Unloading 13 unused Assets to reduce memory usage. Loaded Objects now: 2554.
Total: 1.909600 ms (FindLiveObjects: 0.188200 ms CreateObjectMapping: 0.096200 ms MarkObjects: 1.538900 ms  DeleteObjects: 0.085100 ms)

========================================================================
Received Prepare
Registering precompiled user dll's ...
Registered in 0.000807 seconds.
Begin MonoManager ReloadAssembly
Native extension for WindowsStandalone target not found
Native extension for WebGL target not found
Refreshing native plugins compatible for Editor in 0.31 ms, found 1 plugins.
Preloading 0 native plugins for Editor in 0.00 ms.
Invoked RoslynAnalysisRunner static constructor.
RoslynAnalysisRunner will not be running.
RoslynAnalysisRunner has terminated.
Mono: successfully reloaded assembly
- Completed reload, in  0.786 seconds
Platform modules already initialized, skipping
Refreshing native plugins compatible for Editor in 0.31 ms, found 1 plugins.
Preloading 0 native plugins for Editor in 0.00 ms.
Unloading 1936 Unused Serialized files (Serialized files now loaded: 0)
System memory in use before: 96.0 MB.
System memory in use after: 96.0 MB.

Unloading 13 unused Assets to reduce memory usage. Loaded Objects now: 2559.
Total: 1.902900 ms (FindLiveObjects: 0.196000 ms CreateObjectMapping: 0.069300 ms MarkObjects: 1.546700 ms  DeleteObjects: 0.089700 ms)

========================================================================
Received Prepare
Registering precompiled user dll's ...
Registered in 0.000907 seconds.
Begin MonoManager ReloadAssembly
Native extension for WindowsStandalone target not found
Native extension for WebGL target not found
Refreshing native plugins compatible for Editor in 0.29 ms, found 1 plugins.
Preloading 0 native plugins for Editor in 0.00 ms.
Invoked RoslynAnalysisRunner static constructor.
RoslynAnalysisRunner will not be running.
RoslynAnalysisRunner has terminated.
Mono: successfully reloaded assembly
- Completed reload, in  0.784 seconds
Platform modules already initialized, skipping
Refreshing native plugins compatible for Editor in 0.35 ms, found 1 plugins.
Preloading 0 native plugins for Editor in 0.00 ms.
Unloading 1936 Unused Serialized files (Serialized files now loaded: 0)
System memory in use before: 96.0 MB.
System memory in use after: 96.0 MB.

Unloading 13 unused Assets to reduce memory usage. Loaded Objects now: 2564.
Total: 5.280800 ms (FindLiveObjects: 0.769300 ms CreateObjectMapping: 0.908100 ms MarkObjects: 3.454700 ms  DeleteObjects: 0.147200 ms)

========================================================================
Received Import Request.
  Time since last request: 740.564481 seconds.
  path: Assets/Sprites/symbol_reload.png
  artifactKey: Guid(0cc2e38033494514daefb84847bd7bb3) Importer(815301076,1909f56bfc062723c751e8b465ee728b)
Start importing Assets/Sprites/symbol_reload.png using Guid(0cc2e38033494514daefb84847bd7bb3) Importer(815301076,1909f56bfc062723c751e8b465ee728b)  -> (artifact id: '7945214374257ca580b62f547134d877') in 0.036760 seconds
  Import took 0.039806 seconds .

========================================================================
Received Import Request.
  Time since last request: 13.580629 seconds.
  path: Assets/Sprites/symbol_reload.png
  artifactKey: Guid(0cc2e38033494514daefb84847bd7bb3) Importer(815301076,1909f56bfc062723c751e8b465ee728b)
Start importing Assets/Sprites/symbol_reload.png using Guid(0cc2e38033494514daefb84847bd7bb3) Importer(815301076,1909f56bfc062723c751e8b465ee728b)  -> (artifact id: '29421e8e00189ceda7bf4e116f717f74') in 0.005775 seconds
  Import took 0.008430 seconds .

========================================================================
Received Import Request.
  Time since last request: 0.000793 seconds.
  path: Assets/Sprites/symbol_reload.png
  artifactKey: Guid(0cc2e38033494514daefb84847bd7bb3) Importer(815301076,1909f56bfc062723c751e8b465ee728b)
Start importing Assets/Sprites/symbol_reload.png using Guid(0cc2e38033494514daefb84847bd7bb3) Importer(815301076,1909f56bfc062723c751e8b465ee728b)  -> (artifact id: '29421e8e00189ceda7bf4e116f717f74') in 0.006651 seconds
  Import took 0.009454 seconds .

========================================================================
Received Import Request.
  Time since last request: 3.892524 seconds.
  path: Assets/Sprites/symbol_reload.png
  artifactKey: Guid(0cc2e38033494514daefb84847bd7bb3) Importer(815301076,1909f56bfc062723c751e8b465ee728b)
Start importing Assets/Sprites/symbol_reload.png using Guid(0cc2e38033494514daefb84847bd7bb3) Importer(815301076,1909f56bfc062723c751e8b465ee728b)  -> (artifact id: 'f8eccd5770be1f1d6e5c7a5eef440fda') in 0.005922 seconds
  Import took 0.008535 seconds .

========================================================================
Received Import Request.
  Time since last request: 0.008956 seconds.
  path: Assets/Sprites/symbol_reload.png
  artifactKey: Guid(0cc2e38033494514daefb84847bd7bb3) Importer(815301076,1909f56bfc062723c751e8b465ee728b)
Start importing Assets/Sprites/symbol_reload.png using Guid(0cc2e38033494514daefb84847bd7bb3) Importer(815301076,1909f56bfc062723c751e8b465ee728b)  -> (artifact id: 'f8eccd5770be1f1d6e5c7a5eef440fda') in 0.005896 seconds
  Import took 0.008941 seconds .

========================================================================
Received Import Request.
  Time since last request: 6.577838 seconds.
  path: Assets/Sprites/symbol_reload.png
  artifactKey: Guid(0cc2e38033494514daefb84847bd7bb3) Importer(815301076,1909f56bfc062723c751e8b465ee728b)
Start importing Assets/Sprites/symbol_reload.png using Guid(0cc2e38033494514daefb84847bd7bb3) Importer(815301076,1909f56bfc062723c751e8b465ee728b)  -> (artifact id: '82007e4c4c15f59f34b91ef25c9558e9') in 0.005898 seconds
  Import took 0.008580 seconds .

========================================================================
Received Import Request.
  Time since last request: 0.009505 seconds.
  path: Assets/Sprites/symbol_reload.png
  artifactKey: Guid(0cc2e38033494514daefb84847bd7bb3) Importer(815301076,1909f56bfc062723c751e8b465ee728b)
Start importing Assets/Sprites/symbol_reload.png using Guid(0cc2e38033494514daefb84847bd7bb3) Importer(815301076,1909f56bfc062723c751e8b465ee728b)  -> (artifact id: '82007e4c4c15f59f34b91ef25c9558e9') in 0.006325 seconds
  Import took 0.008701 seconds .

========================================================================
Received Import Request.
  Time since last request: 3.761682 seconds.
  path: Assets/Sprites/symbol_reload.png
  artifactKey: Guid(0cc2e38033494514daefb84847bd7bb3) Importer(815301076,1909f56bfc062723c751e8b465ee728b)
Start importing Assets/Sprites/symbol_reload.png using Guid(0cc2e38033494514daefb84847bd7bb3) Importer(815301076,1909f56bfc062723c751e8b465ee728b)  -> (artifact id: 'aada12284999fc6ccd2250715f71ee33') in 0.005546 seconds
  Import took 0.008361 seconds .

========================================================================
Received Import Request.
  Time since last request: 0.009442 seconds.
  path: Assets/Sprites/symbol_reload.png
  artifactKey: Guid(0cc2e38033494514daefb84847bd7bb3) Importer(815301076,1909f56bfc062723c751e8b465ee728b)
Start importing Assets/Sprites/symbol_reload.png using Guid(0cc2e38033494514daefb84847bd7bb3) Importer(815301076,1909f56bfc062723c751e8b465ee728b)  -> (artifact id: 'aada12284999fc6ccd2250715f71ee33') in 0.006779 seconds
  Import took 0.010589 seconds .

========================================================================
Received Import Request.
  Time since last request: 357.190541 seconds.
  path: Assets/Sprites/Symbol_Refresh.png
  artifactKey: Guid(7ddc9251bd39e804c921d1f0e0986e03) Importer(815301076,1909f56bfc062723c751e8b465ee728b)
Start importing Assets/Sprites/Symbol_Refresh.png using Guid(7ddc9251bd39e804c921d1f0e0986e03) Importer(815301076,1909f56bfc062723c751e8b465ee728b)  -> (artifact id: '47af8f9cdf6267a9f0957fb1e6788d28') in 0.013767 seconds
  Import took 0.017368 seconds .

========================================================================
Received Import Request.
  Time since last request: 16.416773 seconds.
  path: Assets/Sprites/Symbol_Refresh.png
  artifactKey: Guid(7ddc9251bd39e804c921d1f0e0986e03) Importer(815301076,1909f56bfc062723c751e8b465ee728b)
Start importing Assets/Sprites/Symbol_Refresh.png using Guid(7ddc9251bd39e804c921d1f0e0986e03) Importer(815301076,1909f56bfc062723c751e8b465ee728b)  -> (artifact id: '4f0bd568bb6c0684a820ee96e10223f7') in 0.005405 seconds
  Import took 0.007747 seconds .

========================================================================
Received Import Request.
  Time since last request: 0.009719 seconds.
  path: Assets/Sprites/Symbol_Refresh.png
  artifactKey: Guid(7ddc9251bd39e804c921d1f0e0986e03) Importer(815301076,1909f56bfc062723c751e8b465ee728b)
Start importing Assets/Sprites/Symbol_Refresh.png using Guid(7ddc9251bd39e804c921d1f0e0986e03) Importer(815301076,1909f56bfc062723c751e8b465ee728b)  -> (artifact id: '4f0bd568bb6c0684a820ee96e10223f7') in 0.006028 seconds
  Import took 0.008836 seconds .

========================================================================
Received Prepare
Registering precompiled user dll's ...
Registered in 0.034359 seconds.
Begin MonoManager ReloadAssembly
Native extension for WindowsStandalone target not found
Native extension for WebGL target not found
Refreshing native plugins compatible for Editor in 0.28 ms, found 1 plugins.
Preloading 0 native plugins for Editor in 0.00 ms.
Invoked RoslynAnalysisRunner static constructor.
RoslynAnalysisRunner will not be running.
RoslynAnalysisRunner has terminated.
Mono: successfully reloaded assembly
- Completed reload, in  0.775 seconds
Platform modules already initialized, skipping
Refreshing native plugins compatible for Editor in 0.30 ms, found 1 plugins.
Preloading 0 native plugins for Editor in 0.00 ms.
Unloading 1936 Unused Serialized files (Serialized files now loaded: 0)
System memory in use before: 96.1 MB.
System memory in use after: 96.1 MB.

Unloading 13 unused Assets to reduce memory usage. Loaded Objects now: 2572.
Total: 2.030100 ms (FindLiveObjects: 0.281400 ms CreateObjectMapping: 0.102000 ms MarkObjects: 1.562900 ms  DeleteObjects: 0.082800 ms)

========================================================================
Received Prepare
Registering precompiled user dll's ...
Registered in 0.001226 seconds.
Begin MonoManager ReloadAssembly
Native extension for WindowsStandalone target not found
Native extension for WebGL target not found
Refreshing native plugins compatible for Editor in 0.29 ms, found 1 plugins.
Preloading 0 native plugins for Editor in 0.00 ms.
Invoked RoslynAnalysisRunner static constructor.
RoslynAnalysisRunner will not be running.
RoslynAnalysisRunner has terminated.
Mono: successfully reloaded assembly
- Completed reload, in  0.783 seconds
Platform modules already initialized, skipping
Refreshing native plugins compatible for Editor in 0.29 ms, found 1 plugins.
Preloading 0 native plugins for Editor in 0.00 ms.
Unloading 1936 Unused Serialized files (Serialized files now loaded: 0)
System memory in use before: 96.1 MB.
System memory in use after: 96.1 MB.

Unloading 13 unused Assets to reduce memory usage. Loaded Objects now: 2577.
Total: 2.657700 ms (FindLiveObjects: 0.203100 ms CreateObjectMapping: 0.068700 ms MarkObjects: 2.255500 ms  DeleteObjects: 0.129000 ms)

========================================================================
Received Prepare
Registering precompiled user dll's ...
Registered in 0.000888 seconds.
Begin MonoManager ReloadAssembly
Native extension for WindowsStandalone target not found
Native extension for WebGL target not found
Refreshing native plugins compatible for Editor in 0.51 ms, found 1 plugins.
Preloading 0 native plugins for Editor in 0.00 ms.
Invoked RoslynAnalysisRunner static constructor.
RoslynAnalysisRunner will not be running.
RoslynAnalysisRunner has terminated.
Mono: successfully reloaded assembly
- Completed reload, in  0.783 seconds
Platform modules already initialized, skipping
Refreshing native plugins compatible for Editor in 0.36 ms, found 1 plugins.
Preloading 0 native plugins for Editor in 0.00 ms.
Unloading 1936 Unused Serialized files (Serialized files now loaded: 0)
System memory in use before: 96.1 MB.
System memory in use after: 96.1 MB.

Unloading 13 unused Assets to reduce memory usage. Loaded Objects now: 2582.
Total: 2.203900 ms (FindLiveObjects: 0.207000 ms CreateObjectMapping: 0.082200 ms MarkObjects: 1.823200 ms  DeleteObjects: 0.090700 ms)

========================================================================
Received Prepare
Refreshing native plugins compatible for Editor in 1.29 ms, found 1 plugins.
Preloading 0 native plugins for Editor in 0.00 ms.
Unloading 10 Unused Serialized files (Serialized files now loaded: 0)
System memory in use before: 58.0 MB.
System memory in use after: 58.0 MB.

Unloading 10 unused Assets to reduce memory usage. Loaded Objects now: 2582.
Total: 1.919100 ms (FindLiveObjects: 0.236600 ms CreateObjectMapping: 0.078400 ms MarkObjects: 1.508200 ms  DeleteObjects: 0.094700 ms)

========================================================================
Received Import Request.
  Time since last request: 829.922792 seconds.
  path: Assets/Sprites/Symbol_Refresh.png
  artifactKey: Guid(7ddc9251bd39e804c921d1f0e0986e03) Importer(815301076,1909f56bfc062723c751e8b465ee728b)
Start importing Assets/Sprites/Symbol_Refresh.png using Guid(7ddc9251bd39e804c921d1f0e0986e03) Importer(815301076,1909f56bfc062723c751e8b465ee728b)  -> (artifact id: '7df0ec4f68a35b5a8f5dee88c7c592ef') in 0.045696 seconds
  Import took 0.049426 seconds .

========================================================================
Received Prepare
Registering precompiled user dll's ...
Registered in 0.000815 seconds.
Begin MonoManager ReloadAssembly
Native extension for WindowsStandalone target not found
Native extension for WebGL target not found
Refreshing native plugins compatible for Editor in 0.29 ms, found 1 plugins.
Preloading 0 native plugins for Editor in 0.00 ms.
Invoked RoslynAnalysisRunner static constructor.
RoslynAnalysisRunner will not be running.
RoslynAnalysisRunner has terminated.
Mono: successfully reloaded assembly
- Completed reload, in  0.787 seconds
Platform modules already initialized, skipping
Refreshing native plugins compatible for Editor in 0.29 ms, found 1 plugins.
Preloading 0 native plugins for Editor in 0.00 ms.
Unloading 1936 Unused Serialized files (Serialized files now loaded: 0)
System memory in use before: 96.1 MB.
System memory in use after: 96.1 MB.

Unloading 13 unused Assets to reduce memory usage. Loaded Objects now: 2588.
Total: 2.338600 ms (FindLiveObjects: 0.273100 ms CreateObjectMapping: 0.097100 ms MarkObjects: 1.860600 ms  DeleteObjects: 0.106500 ms)

========================================================================
Received Prepare
Registering precompiled user dll's ...
Registered in 0.001233 seconds.
Begin MonoManager ReloadAssembly
Native extension for WindowsStandalone target not found
Native extension for WebGL target not found
Refreshing native plugins compatible for Editor in 0.28 ms, found 1 plugins.
Preloading 0 native plugins for Editor in 0.00 ms.
Invoked RoslynAnalysisRunner static constructor.
RoslynAnalysisRunner will not be running.
RoslynAnalysisRunner has terminated.
Mono: successfully reloaded assembly
- Completed reload, in  0.796 seconds
Platform modules already initialized, skipping
Refreshing native plugins compatible for Editor in 0.29 ms, found 1 plugins.
Preloading 0 native plugins for Editor in 0.00 ms.
Unloading 1936 Unused Serialized files (Serialized files now loaded: 0)
System memory in use before: 96.1 MB.
System memory in use after: 96.1 MB.

Unloading 13 unused Assets to reduce memory usage. Loaded Objects now: 2593.
Total: 2.193900 ms (FindLiveObjects: 0.242000 ms CreateObjectMapping: 0.109600 ms MarkObjects: 1.651200 ms  DeleteObjects: 0.189500 ms)

========================================================================
Received Prepare
Registering precompiled user dll's ...
Registered in 0.000768 seconds.
Begin MonoManager ReloadAssembly
Native extension for WindowsStandalone target not found
Native extension for WebGL target not found
Refreshing native plugins compatible for Editor in 0.28 ms, found 1 plugins.
Preloading 0 native plugins for Editor in 0.00 ms.
Invoked RoslynAnalysisRunner static constructor.
RoslynAnalysisRunner will not be running.
RoslynAnalysisRunner has terminated.
Mono: successfully reloaded assembly
- Completed reload, in  0.714 seconds
Platform modules already initialized, skipping
Refreshing native plugins compatible for Editor in 0.28 ms, found 1 plugins.
Preloading 0 native plugins for Editor in 0.00 ms.
Unloading 1950 Unused Serialized files (Serialized files now loaded: 0)
System memory in use before: 97.6 MB.
System memory in use after: 96.9 MB.

Unloading 22 unused Assets to reduce memory usage. Loaded Objects now: 2604.
Total: 2.127500 ms (FindLiveObjects: 0.204100 ms CreateObjectMapping: 0.067800 ms MarkObjects: 1.462900 ms  DeleteObjects: 0.392000 ms)

========================================================================
Received Prepare
Registering precompiled user dll's ...
Registered in 0.000837 seconds.
Begin MonoManager ReloadAssembly
Native extension for WindowsStandalone target not found
Native extension for WebGL target not found
Refreshing native plugins compatible for Editor in 0.29 ms, found 1 plugins.
Preloading 0 native plugins for Editor in 0.00 ms.
Invoked RoslynAnalysisRunner static constructor.
RoslynAnalysisRunner will not be running.
RoslynAnalysisRunner has terminated.
Mono: successfully reloaded assembly
- Completed reload, in  0.706 seconds
Platform modules already initialized, skipping
Refreshing native plugins compatible for Editor in 0.29 ms, found 1 plugins.
Preloading 0 native plugins for Editor in 0.00 ms.
Unloading 1950 Unused Serialized files (Serialized files now loaded: 0)
System memory in use before: 97.6 MB.
System memory in use after: 96.9 MB.

Unloading 22 unused Assets to reduce memory usage. Loaded Objects now: 2609.
Total: 2.289100 ms (FindLiveObjects: 0.277500 ms CreateObjectMapping: 0.098100 ms MarkObjects: 1.485400 ms  DeleteObjects: 0.427000 ms)

========================================================================
Received Prepare
Registering precompiled user dll's ...
Registered in 0.000834 seconds.
Begin MonoManager ReloadAssembly
Native extension for WindowsStandalone target not found
Native extension for WebGL target not found
Refreshing native plugins compatible for Editor in 0.32 ms, found 1 plugins.
Preloading 0 native plugins for Editor in 0.00 ms.
Invoked RoslynAnalysisRunner static constructor.
RoslynAnalysisRunner will not be running.
RoslynAnalysisRunner has terminated.
Mono: successfully reloaded assembly
- Completed reload, in  0.817 seconds
Platform modules already initialized, skipping
Refreshing native plugins compatible for Editor in 0.29 ms, found 1 plugins.
Preloading 0 native plugins for Editor in 0.00 ms.
Unloading 1950 Unused Serialized files (Serialized files now loaded: 0)
System memory in use before: 97.7 MB.
System memory in use after: 96.9 MB.

Unloading 22 unused Assets to reduce memory usage. Loaded Objects now: 2614.
Total: 3.563300 ms (FindLiveObjects: 0.425200 ms CreateObjectMapping: 0.203300 ms MarkObjects: 2.458600 ms  DeleteObjects: 0.474900 ms)

========================================================================
Received Prepare
Registering precompiled user dll's ...
Registered in 0.001246 seconds.
Begin MonoManager ReloadAssembly
Native extension for WindowsStandalone target not found
Native extension for WebGL target not found
Refreshing native plugins compatible for Editor in 0.29 ms, found 1 plugins.
Preloading 0 native plugins for Editor in 0.00 ms.
Invoked RoslynAnalysisRunner static constructor.
RoslynAnalysisRunner will not be running.
RoslynAnalysisRunner has terminated.
Mono: successfully reloaded assembly
- Completed reload, in  0.797 seconds
Platform modules already initialized, skipping
Refreshing native plugins compatible for Editor in 0.31 ms, found 1 plugins.
Preloading 0 native plugins for Editor in 0.00 ms.
Unloading 1950 Unused Serialized files (Serialized files now loaded: 0)
System memory in use before: 97.7 MB.
System memory in use after: 97.0 MB.

Unloading 22 unused Assets to reduce memory usage. Loaded Objects now: 2619.
Total: 2.462800 ms (FindLiveObjects: 0.249900 ms CreateObjectMapping: 0.110500 ms MarkObjects: 1.653100 ms  DeleteObjects: 0.448100 ms)

========================================================================
Received Prepare
Registering precompiled user dll's ...
Registered in 0.000822 seconds.
Begin MonoManager ReloadAssembly
Native extension for WindowsStandalone target not found
Native extension for WebGL target not found
Refreshing native plugins compatible for Editor in 0.30 ms, found 1 plugins.
Preloading 0 native plugins for Editor in 0.00 ms.
Invoked RoslynAnalysisRunner static constructor.
RoslynAnalysisRunner will not be running.
RoslynAnalysisRunner has terminated.
Mono: successfully reloaded assembly
- Completed reload, in  0.807 seconds
Platform modules already initialized, skipping
Refreshing native plugins compatible for Editor in 0.33 ms, found 1 plugins.
Preloading 0 native plugins for Editor in 0.00 ms.
Unloading 1950 Unused Serialized files (Serialized files now loaded: 0)
System memory in use before: 97.7 MB.
System memory in use after: 97.0 MB.

Unloading 22 unused Assets to reduce memory usage. Loaded Objects now: 2624.
Total: 2.464900 ms (FindLiveObjects: 0.239000 ms CreateObjectMapping: 0.069800 ms MarkObjects: 1.693600 ms  DeleteObjects: 0.461600 ms)

========================================================================
Received Import Request.
  Time since last request: 1080.476514 seconds.
  path: Assets/Ocias/PixelArtCamera
  artifactKey: Guid(f5ff74e5faf5e44fabd5829e84914ceb) Importer(815301076,1909f56bfc062723c751e8b465ee728b)
Start importing Assets/Ocias/PixelArtCamera using Guid(f5ff74e5faf5e44fabd5829e84914ceb) Importer(815301076,1909f56bfc062723c751e8b465ee728b)  -> (artifact id: '479223c9bb58b0333a0e33bdf8fa95cd') in 0.007028 seconds
  Import took 0.009594 seconds .

========================================================================
Received Import Request.
  Time since last request: 294.626869 seconds.
  path: Assets/Sprites/free-mountain-vector-01.jpg
  artifactKey: Guid(9639cf4c6ae297745aaeb1af83b933f8) Importer(815301076,1909f56bfc062723c751e8b465ee728b)
Start importing Assets/Sprites/free-mountain-vector-01.jpg using Guid(9639cf4c6ae297745aaeb1af83b933f8) Importer(815301076,1909f56bfc062723c751e8b465ee728b)  -> (artifact id: 'a5a40773c2439fea6ae5719eb94b79d5') in 0.045162 seconds
  Import took 0.048596 seconds .

========================================================================
Received Import Request.
  Time since last request: 14.342009 seconds.
  path: Assets/Sprites/free-mountain-vector-01.jpg
  artifactKey: Guid(9639cf4c6ae297745aaeb1af83b933f8) Importer(815301076,1909f56bfc062723c751e8b465ee728b)
Start importing Assets/Sprites/free-mountain-vector-01.jpg using Guid(9639cf4c6ae297745aaeb1af83b933f8) Importer(815301076,1909f56bfc062723c751e8b465ee728b)  -> (artifact id: '499a53ce72e5328cb14e5ca66b3cd2ad') in 0.022971 seconds
  Import took 0.025810 seconds .

========================================================================
Received Import Request.
  Time since last request: 30.397870 seconds.
  path: Assets/Sprites/Background_Mountain.jpg
  artifactKey: Guid(90153bfd88be35b498d2290dc4610f11) Importer(815301076,1909f56bfc062723c751e8b465ee728b)
Start importing Assets/Sprites/Background_Mountain.jpg using Guid(90153bfd88be35b498d2290dc4610f11) Importer(815301076,1909f56bfc062723c751e8b465ee728b)  -> (artifact id: '280d406c089eab1c0014e64293c1344b') in 0.010419 seconds
  Import took 0.013522 seconds .

========================================================================
Received Import Request.
  Time since last request: 5.936916 seconds.
  path: Assets/Sprites/Background_Mountain.jpg
  artifactKey: Guid(90153bfd88be35b498d2290dc4610f11) Importer(815301076,1909f56bfc062723c751e8b465ee728b)
Start importing Assets/Sprites/Background_Mountain.jpg using Guid(90153bfd88be35b498d2290dc4610f11) Importer(815301076,1909f56bfc062723c751e8b465ee728b)  -> (artifact id: '9eba0cea6fd85d6e485fcea9af8da4f6') in 0.015050 seconds
  Import took 0.017459 seconds .

========================================================================
Received Prepare
Registering precompiled user dll's ...
Registered in 0.000830 seconds.
Begin MonoManager ReloadAssembly
Native extension for WindowsStandalone target not found
Native extension for WebGL target not found
Refreshing native plugins compatible for Editor in 0.28 ms, found 1 plugins.
Preloading 0 native plugins for Editor in 0.00 ms.
Invoked RoslynAnalysisRunner static constructor.
RoslynAnalysisRunner will not be running.
RoslynAnalysisRunner has terminated.
Mono: successfully reloaded assembly
- Completed reload, in  0.805 seconds
Platform modules already initialized, skipping
Refreshing native plugins compatible for Editor in 0.36 ms, found 1 plugins.
Preloading 0 native plugins for Editor in 0.00 ms.
Unloading 1950 Unused Serialized files (Serialized files now loaded: 0)
System memory in use before: 97.7 MB.
System memory in use after: 97.0 MB.

Unloading 22 unused Assets to reduce memory usage. Loaded Objects now: 2632.
Total: 2.846800 ms (FindLiveObjects: 0.296500 ms CreateObjectMapping: 0.101300 ms MarkObjects: 1.795600 ms  DeleteObjects: 0.651900 ms)

========================================================================
Received Prepare
Refreshing native plugins compatible for Editor in 1.31 ms, found 1 plugins.
Preloading 0 native plugins for Editor in 0.00 ms.
Unloading 18 Unused Serialized files (Serialized files now loaded: 0)
System memory in use before: 59.5 MB.
System memory in use after: 58.8 MB.

Unloading 19 unused Assets to reduce memory usage. Loaded Objects now: 2632.
Total: 2.236500 ms (FindLiveObjects: 0.157200 ms CreateObjectMapping: 0.051900 ms MarkObjects: 1.589900 ms  DeleteObjects: 0.436600 ms)

========================================================================
Received Import Request.
  Time since last request: 213.047268 seconds.
  path: Assets/Ocias/PixelArtCamera/Example/Textures/anna.png
  artifactKey: Guid(4fb78a3f5adee45a6b63f72a5215fde2) Importer(815301076,1909f56bfc062723c751e8b465ee728b)
Start importing Assets/Ocias/PixelArtCamera/Example/Textures/anna.png using Guid(4fb78a3f5adee45a6b63f72a5215fde2) Importer(815301076,1909f56bfc062723c751e8b465ee728b)  -> (artifact id: '7a1e9cdb880796d194e17c9160bc743b') in 0.045251 seconds
  Import took 0.048431 seconds .

========================================================================
Received Import Request.
  Time since last request: 0.000135 seconds.
  path: Assets/Ocias/PixelArtCamera/Example/Textures/bottle.png
  artifactKey: Guid(7fc045d5b1c7a49b89d11b409406336b) Importer(815301076,1909f56bfc062723c751e8b465ee728b)
Start importing Assets/Ocias/PixelArtCamera/Example/Textures/bottle.png using Guid(7fc045d5b1c7a49b89d11b409406336b) Importer(815301076,1909f56bfc062723c751e8b465ee728b)  -> (artifact id: 'd811e9a70f7298813dbd63c1457cc2f6') in 0.009097 seconds
  Import took 0.011706 seconds .

========================================================================
Received Import Request.
  Time since last request: 0.000196 seconds.
  path: Assets/Ocias/PixelArtCamera/Example/Textures/brickwall.png
  artifactKey: Guid(7b1d6310f70ea483594cf8612e496295) Importer(815301076,1909f56bfc062723c751e8b465ee728b)
Start importing Assets/Ocias/PixelArtCamera/Example/Textures/brickwall.png using Guid(7b1d6310f70ea483594cf8612e496295) Importer(815301076,1909f56bfc062723c751e8b465ee728b)  -> (artifact id: 'fa4f3edfba05b6fc2f48a1bd63ab8994') in 0.015564 seconds
  Import took 0.018720 seconds .

========================================================================
Received Import Request.
  Time since last request: 0.000120 seconds.
  path: Assets/Ocias/PixelArtCamera/Example/Textures/bottle.png
  artifactKey: Guid(7fc045d5b1c7a49b89d11b409406336b) Importer(815301076,1909f56bfc062723c751e8b465ee728b)
Start importing Assets/Ocias/PixelArtCamera/Example/Textures/bottle.png using Guid(7fc045d5b1c7a49b89d11b409406336b) Importer(815301076,1909f56bfc062723c751e8b465ee728b)  -> (artifact id: 'd811e9a70f7298813dbd63c1457cc2f6') in 0.005009 seconds
  Import took 0.007348 seconds .

========================================================================
Received Import Request.
  Time since last request: 0.000168 seconds.
  path: Assets/Ocias/PixelArtCamera/Example/Textures/anna.png
  artifactKey: Guid(4fb78a3f5adee45a6b63f72a5215fde2) Importer(815301076,1909f56bfc062723c751e8b465ee728b)
Start importing Assets/Ocias/PixelArtCamera/Example/Textures/anna.png using Guid(4fb78a3f5adee45a6b63f72a5215fde2) Importer(815301076,1909f56bfc062723c751e8b465ee728b)  -> (artifact id: '7a1e9cdb880796d194e17c9160bc743b') in 0.007191 seconds
  Import took 0.009770 seconds .

========================================================================
Received Prepare
Registering precompiled user dll's ...
Registered in 0.000771 seconds.
Begin MonoManager ReloadAssembly
Native extension for WindowsStandalone target not found
Native extension for WebGL target not found
Refreshing native plugins compatible for Editor in 0.28 ms, found 1 plugins.
Preloading 0 native plugins for Editor in 0.00 ms.
Invoked RoslynAnalysisRunner static constructor.
RoslynAnalysisRunner will not be running.
RoslynAnalysisRunner has terminated.
Mono: successfully reloaded assembly
- Completed reload, in  0.719 seconds
Platform modules already initialized, skipping
Refreshing native plugins compatible for Editor in 0.29 ms, found 1 plugins.
Preloading 0 native plugins for Editor in 0.00 ms.
Unloading 1950 Unused Serialized files (Serialized files now loaded: 0)
System memory in use before: 97.7 MB.
System memory in use after: 97.0 MB.

Unloading 22 unused Assets to reduce memory usage. Loaded Objects now: 2644.
Total: 2.192000 ms (FindLiveObjects: 0.242000 ms CreateObjectMapping: 0.079400 ms MarkObjects: 1.445000 ms  DeleteObjects: 0.424600 ms)

========================================================================
Received Import Request.
  Time since last request: 316.924763 seconds.
  path: Assets/Scripts/TabController.cs
  artifactKey: Guid(3883502ece3a8fb48844d1f3f353807e) Importer(815301076,1909f56bfc062723c751e8b465ee728b)
Start importing Assets/Scripts/TabController.cs using Guid(3883502ece3a8fb48844d1f3f353807e) Importer(815301076,1909f56bfc062723c751e8b465ee728b)  -> (artifact id: '7253b580c3d2fefcabaf63bc5e8a9abb') in 0.008429 seconds
  Import took 0.010969 seconds .

========================================================================
Received Import Request.
  Time since last request: 0.017966 seconds.
  path: Assets/Scripts/TabController.cs
  artifactKey: Guid(3883502ece3a8fb48844d1f3f353807e) Importer(815301076,1909f56bfc062723c751e8b465ee728b)
Start importing Assets/Scripts/TabController.cs using Guid(3883502ece3a8fb48844d1f3f353807e) Importer(815301076,1909f56bfc062723c751e8b465ee728b)  -> (artifact id: '7253b580c3d2fefcabaf63bc5e8a9abb') in 0.001583 seconds
  Import took 0.004160 seconds .

========================================================================
Received Prepare
Registering precompiled user dll's ...
Registered in 0.000836 seconds.
Begin MonoManager ReloadAssembly
Native extension for WindowsStandalone target not found
Native extension for WebGL target not found
Refreshing native plugins compatible for Editor in 0.29 ms, found 1 plugins.
Preloading 0 native plugins for Editor in 0.00 ms.
Invoked RoslynAnalysisRunner static constructor.
RoslynAnalysisRunner will not be running.
RoslynAnalysisRunner has terminated.
Mono: successfully reloaded assembly
- Completed reload, in  0.780 seconds
Platform modules already initialized, skipping
Refreshing native plugins compatible for Editor in 0.29 ms, found 1 plugins.
Preloading 0 native plugins for Editor in 0.00 ms.
Unloading 1950 Unused Serialized files (Serialized files now loaded: 0)
System memory in use before: 97.7 MB.
System memory in use after: 97.0 MB.

Unloading 22 unused Assets to reduce memory usage. Loaded Objects now: 2649.
Total: 2.573000 ms (FindLiveObjects: 0.200300 ms CreateObjectMapping: 0.067600 ms MarkObjects: 1.811000 ms  DeleteObjects: 0.492700 ms)

========================================================================
Received Prepare
Registering precompiled user dll's ...
Registered in 0.000819 seconds.
Begin MonoManager ReloadAssembly
Native extension for WindowsStandalone target not found
Native extension for WebGL target not found
Refreshing native plugins compatible for Editor in 0.55 ms, found 1 plugins.
Preloading 0 native plugins for Editor in 0.00 ms.
Invoked RoslynAnalysisRunner static constructor.
RoslynAnalysisRunner will not be running.
RoslynAnalysisRunner has terminated.
Mono: successfully reloaded assembly
- Completed reload, in  0.856 seconds
Platform modules already initialized, skipping
Refreshing native plugins compatible for Editor in 0.32 ms, found 1 plugins.
Preloading 0 native plugins for Editor in 0.00 ms.
Unloading 1950 Unused Serialized files (Serialized files now loaded: 0)
System memory in use before: 97.7 MB.
System memory in use after: 97.0 MB.

Unloading 22 unused Assets to reduce memory usage. Loaded Objects now: 2654.
Total: 2.416300 ms (FindLiveObjects: 0.208900 ms CreateObjectMapping: 0.085200 ms MarkObjects: 1.695900 ms  DeleteObjects: 0.425500 ms)

========================================================================
Received Prepare
Registering precompiled user dll's ...
Registered in 0.000818 seconds.
Begin MonoManager ReloadAssembly
Native extension for WindowsStandalone target not found
Native extension for WebGL target not found
Refreshing native plugins compatible for Editor in 0.30 ms, found 1 plugins.
Preloading 0 native plugins for Editor in 0.00 ms.
Invoked RoslynAnalysisRunner static constructor.
RoslynAnalysisRunner will not be running.
RoslynAnalysisRunner has terminated.
Mono: successfully reloaded assembly
- Completed reload, in  0.795 seconds
Platform modules already initialized, skipping
Refreshing native plugins compatible for Editor in 0.51 ms, found 1 plugins.
Preloading 0 native plugins for Editor in 0.00 ms.
Unloading 1950 Unused Serialized files (Serialized files now loaded: 0)
System memory in use before: 97.8 MB.
System memory in use after: 97.0 MB.

Unloading 22 unused Assets to reduce memory usage. Loaded Objects now: 2659.
Total: 2.976200 ms (FindLiveObjects: 0.230600 ms CreateObjectMapping: 0.104600 ms MarkObjects: 2.139600 ms  DeleteObjects: 0.500100 ms)

========================================================================
Received Prepare
Registering precompiled user dll's ...
Registered in 0.000915 seconds.
Begin MonoManager ReloadAssembly
Native extension for WindowsStandalone target not found
Native extension for WebGL target not found
Refreshing native plugins compatible for Editor in 0.42 ms, found 1 plugins.
Preloading 0 native plugins for Editor in 0.00 ms.
Invoked RoslynAnalysisRunner static constructor.
RoslynAnalysisRunner will not be running.
RoslynAnalysisRunner has terminated.
Mono: successfully reloaded assembly
- Completed reload, in  0.786 seconds
Platform modules already initialized, skipping
Refreshing native plugins compatible for Editor in 0.32 ms, found 1 plugins.
Preloading 0 native plugins for Editor in 0.00 ms.
Unloading 1950 Unused Serialized files (Serialized files now loaded: 0)
System memory in use before: 97.8 MB.
System memory in use after: 97.0 MB.

Unloading 22 unused Assets to reduce memory usage. Loaded Objects now: 2664.
Total: 2.391400 ms (FindLiveObjects: 0.191600 ms CreateObjectMapping: 0.079700 ms MarkObjects: 1.666700 ms  DeleteObjects: 0.452100 ms)

========================================================================
Received Prepare
Registering precompiled user dll's ...
Registered in 0.000746 seconds.
Begin MonoManager ReloadAssembly
Native extension for WindowsStandalone target not found
Native extension for WebGL target not found
Refreshing native plugins compatible for Editor in 0.28 ms, found 1 plugins.
Preloading 0 native plugins for Editor in 0.00 ms.
Invoked RoslynAnalysisRunner static constructor.
RoslynAnalysisRunner will not be running.
RoslynAnalysisRunner has terminated.
Mono: successfully reloaded assembly
- Completed reload, in  0.712 seconds
Platform modules already initialized, skipping
Refreshing native plugins compatible for Editor in 0.28 ms, found 1 plugins.
Preloading 0 native plugins for Editor in 0.00 ms.
Unloading 1950 Unused Serialized files (Serialized files now loaded: 0)
System memory in use before: 97.8 MB.
System memory in use after: 97.1 MB.

Unloading 22 unused Assets to reduce memory usage. Loaded Objects now: 2669.
Total: 2.419600 ms (FindLiveObjects: 0.223700 ms CreateObjectMapping: 0.084300 ms MarkObjects: 1.679500 ms  DeleteObjects: 0.431000 ms)

========================================================================
Received Prepare
Registering precompiled user dll's ...
Registered in 0.000831 seconds.
Begin MonoManager ReloadAssembly
Native extension for WindowsStandalone target not found
Native extension for WebGL target not found
Refreshing native plugins compatible for Editor in 0.28 ms, found 1 plugins.
Preloading 0 native plugins for Editor in 0.00 ms.
Invoked RoslynAnalysisRunner static constructor.
RoslynAnalysisRunner will not be running.
RoslynAnalysisRunner has terminated.
Mono: successfully reloaded assembly
- Completed reload, in  0.704 seconds
Platform modules already initialized, skipping
Refreshing native plugins compatible for Editor in 0.28 ms, found 1 plugins.
Preloading 0 native plugins for Editor in 0.00 ms.
Unloading 1950 Unused Serialized files (Serialized files now loaded: 0)
System memory in use before: 97.8 MB.
System memory in use after: 97.1 MB.

Unloading 22 unused Assets to reduce memory usage. Loaded Objects now: 2674.
Total: 2.282500 ms (FindLiveObjects: 0.199800 ms CreateObjectMapping: 0.062900 ms MarkObjects: 1.577600 ms  DeleteObjects: 0.441300 ms)

========================================================================
Received Prepare
Registering precompiled user dll's ...
Registered in 0.000964 seconds.
Begin MonoManager ReloadAssembly
Native extension for WindowsStandalone target not found
Native extension for WebGL target not found
Refreshing native plugins compatible for Editor in 0.29 ms, found 1 plugins.
Preloading 0 native plugins for Editor in 0.00 ms.
Invoked RoslynAnalysisRunner static constructor.
RoslynAnalysisRunner will not be running.
RoslynAnalysisRunner has terminated.
Mono: successfully reloaded assembly
- Completed reload, in  0.775 seconds
Platform modules already initialized, skipping
Refreshing native plugins compatible for Editor in 0.41 ms, found 1 plugins.
Preloading 0 native plugins for Editor in 0.00 ms.
Unloading 1950 Unused Serialized files (Serialized files now loaded: 0)
System memory in use before: 97.9 MB.
System memory in use after: 97.2 MB.

Unloading 22 unused Assets to reduce memory usage. Loaded Objects now: 2679.
Total: 3.682100 ms (FindLiveObjects: 0.378100 ms CreateObjectMapping: 0.121500 ms MarkObjects: 2.552900 ms  DeleteObjects: 0.628500 ms)

========================================================================
Received Prepare
Registering precompiled user dll's ...
Registered in 0.000925 seconds.
Begin MonoManager ReloadAssembly
Native extension for WindowsStandalone target not found
Native extension for WebGL target not found
Refreshing native plugins compatible for Editor in 0.28 ms, found 1 plugins.
Preloading 0 native plugins for Editor in 0.00 ms.
Invoked RoslynAnalysisRunner static constructor.
RoslynAnalysisRunner will not be running.
RoslynAnalysisRunner has terminated.
Mono: successfully reloaded assembly
- Completed reload, in  0.698 seconds
Platform modules already initialized, skipping
Refreshing native plugins compatible for Editor in 0.27 ms, found 1 plugins.
Preloading 0 native plugins for Editor in 0.00 ms.
Unloading 1950 Unused Serialized files (Serialized files now loaded: 0)
System memory in use before: 97.8 MB.
System memory in use after: 97.1 MB.

Unloading 22 unused Assets to reduce memory usage. Loaded Objects now: 2684.
Total: 2.203000 ms (FindLiveObjects: 0.179200 ms CreateObjectMapping: 0.069600 ms MarkObjects: 1.521600 ms  DeleteObjects: 0.432000 ms)

========================================================================
Received Prepare
Registering precompiled user dll's ...
Registered in 0.000899 seconds.
Begin MonoManager ReloadAssembly
Native extension for WindowsStandalone target not found
Native extension for WebGL target not found
Refreshing native plugins compatible for Editor in 0.29 ms, found 1 plugins.
Preloading 0 native plugins for Editor in 0.00 ms.
Invoked RoslynAnalysisRunner static constructor.
RoslynAnalysisRunner will not be running.
RoslynAnalysisRunner has terminated.
Mono: successfully reloaded assembly
- Completed reload, in  0.765 seconds
Platform modules already initialized, skipping
Refreshing native plugins compatible for Editor in 0.31 ms, found 1 plugins.
Preloading 0 native plugins for Editor in 0.00 ms.
Unloading 1950 Unused Serialized files (Serialized files now loaded: 0)
System memory in use before: 97.8 MB.
System memory in use after: 97.1 MB.

Unloading 22 unused Assets to reduce memory usage. Loaded Objects now: 2689.
Total: 3.238100 ms (FindLiveObjects: 0.461500 ms CreateObjectMapping: 0.155600 ms MarkObjects: 2.155400 ms  DeleteObjects: 0.464000 ms)

========================================================================
Received Prepare
Registering precompiled user dll's ...
Registered in 0.000972 seconds.
Begin MonoManager ReloadAssembly
Native extension for WindowsStandalone target not found
Native extension for WebGL target not found
Refreshing native plugins compatible for Editor in 0.32 ms, found 1 plugins.
Preloading 0 native plugins for Editor in 0.00 ms.
Invoked RoslynAnalysisRunner static constructor.
RoslynAnalysisRunner will not be running.
RoslynAnalysisRunner has terminated.
Mono: successfully reloaded assembly
- Completed reload, in  0.765 seconds
Platform modules already initialized, skipping
Refreshing native plugins compatible for Editor in 0.32 ms, found 1 plugins.
Preloading 0 native plugins for Editor in 0.00 ms.
Unloading 1950 Unused Serialized files (Serialized files now loaded: 0)
System memory in use before: 97.8 MB.
System memory in use after: 97.1 MB.

Unloading 22 unused Assets to reduce memory usage. Loaded Objects now: 2694.
Total: 3.070100 ms (FindLiveObjects: 0.394000 ms CreateObjectMapping: 0.098800 ms MarkObjects: 1.938400 ms  DeleteObjects: 0.637600 ms)

========================================================================
Received Prepare
Registering precompiled user dll's ...
Registered in 0.000923 seconds.
Begin MonoManager ReloadAssembly
Native extension for WindowsStandalone target not found
Native extension for WebGL target not found
Refreshing native plugins compatible for Editor in 0.31 ms, found 1 plugins.
Preloading 0 native plugins for Editor in 0.00 ms.
Invoked RoslynAnalysisRunner static constructor.
RoslynAnalysisRunner will not be running.
RoslynAnalysisRunner has terminated.
Mono: successfully reloaded assembly
- Completed reload, in  0.810 seconds
Platform modules already initialized, skipping
Refreshing native plugins compatible for Editor in 0.45 ms, found 1 plugins.
Preloading 0 native plugins for Editor in 0.00 ms.
Unloading 1950 Unused Serialized files (Serialized files now loaded: 0)
System memory in use before: 97.9 MB.
System memory in use after: 97.2 MB.

Unloading 22 unused Assets to reduce memory usage. Loaded Objects now: 2699.
Total: 2.273900 ms (FindLiveObjects: 0.212000 ms CreateObjectMapping: 0.075300 ms MarkObjects: 1.539100 ms  DeleteObjects: 0.447000 ms)

AssetImportWorkerClient::OnTransportError - code=2 error=End of file
